This is XeTeX, Version 3.1415926-2.3-0.9997.5 (TeX Live 2011) (format=xelatex 2011.9.27)  29 DEC 2011 17:50
entering extended mode
 restricted \write18 enabled.
 %&-line parsing enabled.
**puppet.tex
(./puppet.tex
LaTeX2e <2009/09/24>
Babel <v3.8l> and hyphenation patterns for english, dumylang, nohyphenation, ge
rman-x-2009-06-19, ngerman-x-2009-06-19, afrikaans, ancientgreek, ibycus, arabi
c, armenian, basque, bulgarian, catalan, pinyin, coptic, croatian, czech, danis
h, dutch, ukenglish, usenglishmax, esperanto, estonian, ethiopic, farsi, finnis
h, french, galician, german, ngerman, swissgerman, monogreek, greek, hungarian,
 icelandic, assamese, bengali, gujarati, hindi, kannada, malayalam, marathi, or
iya, panjabi, tamil, telugu, indonesian, interlingua, irish, italian, kurmanji,
 lao, latin, latvian, lithuanian, mongolian, mongolianlmc, bokmal, nynorsk, pol
ish, portuguese, romanian, russian, sanskrit, serbian, serbianc, slovak, sloven
ian, spanish, swedish, turkish, turkmen, ukrainian, uppersorbian, welsh, loaded
.
(/mnt/6/texlive/2011/texmf-dist/tex/latex/base/report.cls
Document Class: report 2007/10/19 v1.4h Standard LaTeX document class
(/mnt/6/texlive/2011/texmf-dist/tex/latex/base/size12.clo
File: size12.clo 2007/10/19 v1.4h Standard LaTeX file (size option)
)
\c@part=\count80
\c@chapter=\count81
\c@section=\count82
\c@subsection=\count83
\c@subsubsection=\count84
\c@paragraph=\count85
\c@subparagraph=\count86
\c@figure=\count87
\c@table=\count88
\abovecaptionskip=\skip41
\belowcaptionskip=\skip42
\bibindent=\dimen102
)
(/mnt/6/texlive/2011/texmf-dist/tex/latex/geometry/geometry.sty
Package: geometry 2010/09/12 v5.6 Page Geometry

(/mnt/6/texlive/2011/texmf-dist/tex/latex/graphics/keyval.sty
Package: keyval 1999/03/16 v1.13 key=value parser (DPC)
\KV@toks@=\toks14
)
(/mnt/6/texlive/2011/texmf-dist/tex/generic/oberdiek/ifpdf.sty
Package: ifpdf 2011/01/30 v2.3 Provides the ifpdf switch (HO)
Package ifpdf Info: pdfTeX in PDF mode is not detected.
)
(/mnt/6/texlive/2011/texmf-dist/tex/generic/oberdiek/ifvtex.sty
Package: ifvtex 2010/03/01 v1.5 Switches for detecting VTeX and its modes (HO)
Package ifvtex Info: VTeX not detected.
)
(/mnt/6/texlive/2011/texmf-dist/tex/generic/ifxetex/ifxetex.sty
Package: ifxetex 2010/09/12 v0.6 Provides ifxetex conditional
)
\Gm@cnth=\count89
\Gm@cntv=\count90
\c@Gm@tempcnt=\count91
\Gm@bindingoffset=\dimen103
\Gm@wd@mp=\dimen104
\Gm@odd@mp=\dimen105
\Gm@even@mp=\dimen106
\Gm@layoutwidth=\dimen107
\Gm@layoutheight=\dimen108
\Gm@layouthoffset=\dimen109
\Gm@layoutvoffset=\dimen110
\Gm@dimlist=\toks15
)
(/mnt/6/texlive/2011/texmf-dist/tex/latex/graphics/graphicx.sty
Package: graphicx 1999/02/16 v1.0f Enhanced LaTeX Graphics (DPC,SPQR)

(/mnt/6/texlive/2011/texmf-dist/tex/latex/graphics/graphics.sty
Package: graphics 2009/02/05 v1.0o Standard LaTeX Graphics (DPC,SPQR)

(/mnt/6/texlive/2011/texmf-dist/tex/latex/graphics/trig.sty
Package: trig 1999/03/16 v1.09 sin cos tan (DPC)
)
(/mnt/6/texlive/2011/texmf-dist/tex/latex/latexconfig/graphics.cfg
File: graphics.cfg 2010/04/23 v1.9 graphics configuration of TeX Live
)
Package graphics Info: Driver file: xetex.def on input line 91.

(/mnt/6/texlive/2011/texmf-dist/tex/xelatex/xetex-def/xetex.def
File: xetex.def 2009/11/22 v0.94 LaTeX color/graphics driver for XeTeX (RRM/JK)

))
\Gin@req@height=\dimen111
\Gin@req@width=\dimen112
)
(/mnt/6/texlive/2011/texmf-dist/tex/latex/titlesec/titlesec.sty
Package: titlesec 2007/08/12 v2.8 Sectioning titles
\ttl@box=\box26
\beforetitleunit=\skip43
\aftertitleunit=\skip44
\ttl@plus=\dimen113
\ttl@minus=\dimen114
\ttl@toksa=\toks16
\titlewidth=\dimen115
\titlewidthlast=\dimen116
\titlewidthfirst=\dimen117

(/mnt/6/texlive/2011/texmf-dist/tex/latex/titlesec/ttlps.def
File: ttlps.def 2007/08/12
))
(/mnt/6/texlive/2011/texmf-dist/tex/latex/fontspec/fontspec.sty
Package: fontspec 2011/02/26 v2.1f Advanced font selection for XeLaTeX/LuaLaTeX


(/mnt/6/texlive/2011/texmf-dist/tex/latex/expl3/expl3.sty
(/mnt/6/texlive/2011/texmf-dist/tex/latex/expl3/l3names.sty
Package: l3names 2011/01/08 v2122 L3 Experimental Naming Scheme for TeX Primiti
ves
)
Package: expl3 2011/04/09 v2222 L3 Experimental code bundle wrapper

(/mnt/6/texlive/2011/texmf-dist/tex/latex/etex-pkg/etex.sty
Package: etex 1998/03/26 v2.0 eTeX basic definition package (PEB)
\et@xins=\count92
)
(/mnt/6/texlive/2011/texmf-dist/tex/latex/expl3/l3basics.sty
Package: l3basics 2011/04/23 v2246 L3 Experimental basic definitions
)
(/mnt/6/texlive/2011/texmf-dist/tex/latex/expl3/l3expan.sty
Package: l3expan 2011/04/09 v2223 L3 Experimental Argument Expansion module
)
(/mnt/6/texlive/2011/texmf-dist/tex/latex/expl3/l3tl.sty
Package: l3tl 2011/04/09 v2223 L3 Experimental Token Lists
)
(/mnt/6/texlive/2011/texmf-dist/tex/latex/expl3/l3int.sty
Package: l3int 2011/04/11 v2229 L3 Experimental Integer module
\l_tmpa_int=\count93
\l_tmpb_int=\count94
\l_tmpc_int=\count95
\g_tmpa_int=\count96
\g_tmpb_int=\count97
\c_max_int=\count98
\g_tl_inline_level_int=\count99
\g_prg_inline_level_int=\count100
)
(/mnt/6/texlive/2011/texmf-dist/tex/latex/expl3/l3quark.sty
Package: l3quark 2011/04/14 v2234 L3 Experimental Quark Commands
)
(/mnt/6/texlive/2011/texmf-dist/tex/latex/expl3/l3seq.sty
Package: l3seq 2011/04/21 v2245 The LaTeX3 kernel: sequences and stacks
\g_seq_nesting_depth_int=\count101
)
(/mnt/6/texlive/2011/texmf-dist/tex/latex/expl3/l3toks.sty
Package: l3toks 2011/04/09 v2223 L3 Experimental Token Registers
\l_tmpb_toks=\toks17
\l_tmpc_toks=\toks18
\g_tmpa_toks=\toks19
\g_tmpb_toks=\toks20
\g_tmpc_toks=\toks21
\c_empty_toks=\toks22
\l_tl_replace_toks=\toks23
)
(/mnt/6/texlive/2011/texmf-dist/tex/latex/expl3/l3prg.sty
Package: l3prg 2011/04/09 v2223 L3 Experimental control structures
)
(/mnt/6/texlive/2011/texmf-dist/tex/latex/expl3/l3clist.sty
Package: l3clist 2011/04/09 v2223 L3 Experimental comma separated lists
\g_clist_map_inline_int=\count102
)
(/mnt/6/texlive/2011/texmf-dist/tex/latex/expl3/l3token.sty
Package: l3token 2011/04/09 v2223 L3 Experimental token investigation and manip
ulation
)
(/mnt/6/texlive/2011/texmf-dist/tex/latex/expl3/l3prop.sty
Package: l3prop 2011/04/09 v2223 L3 Experimental Property Lists
\g_prop_inline_level_int=\count103
)
(/mnt/6/texlive/2011/texmf-dist/tex/latex/expl3/l3msg.sty
Package: l3msg 2010/10/02 v2052 L3 Experimental LaTeX Messages module
\l_msg_redirect_classes_prop=\toks24
\l_msg_redirect_names_prop=\toks25
\l_msg_redirect_fatal_prop=\toks26
\l_msg_redirect_error_prop=\toks27
\l_msg_redirect_warning_prop=\toks28
\l_msg_redirect_info_prop=\toks29
\l_msg_redirect_log_prop=\toks30
\l_msg_redirect_trace_prop=\toks31
\l_msg_redirect_none_prop=\toks32
)
(/mnt/6/texlive/2011/texmf-dist/tex/latex/expl3/l3io.sty
Package: l3io 2010/10/03 v2063 L3 Experimental i/o module
\g_iow_streams_prop=\toks33
\g_ior_streams_prop=\toks34
\l_iow_stream_int=\count104
)
(/mnt/6/texlive/2011/texmf-dist/tex/latex/expl3/l3skip.sty
Package: l3skip 2011/02/15 v2149 L3 Experimental skip registers
\l_tmpa_skip=\skip45
\l_tmpb_skip=\skip46
\l_tmpc_skip=\skip47
\g_tmpa_skip=\skip48
\g_tmpb_skip=\skip49
\l_tmpa_dim=\dimen118
\l_tmpb_dim=\dimen119
\l_tmpc_dim=\dimen120
\l_tmpd_dim=\dimen121
\g_tmpa_dim=\dimen122
\g_tmpb_dim=\dimen123
)
(/mnt/6/texlive/2011/texmf-dist/tex/latex/expl3/l3box.sty
Package: l3box 2011/04/09 v2223 L3 Experimental Box module
\l_tmpb_box=\box27
)
(/mnt/6/texlive/2011/texmf-dist/tex/latex/expl3/l3keyval.sty
Package: l3keyval 2011/04/09 v2223 L3 Experimental keyval processing
\l_KV_level_int=\count105
)
(/mnt/6/texlive/2011/texmf-dist/tex/latex/expl3/l3keys.sty
Package: l3keys 2010/11/11 v2082 L3 Experimental key-value support
\l_keys_choice_int=\count106
)
(/mnt/6/texlive/2011/texmf-dist/tex/latex/expl3/l3precom.sty
Package: l3precom 2011/04/09 v2223 L3 Experimental precompilation module
\g_gen_sym_int=\count107
\g_ggen_sym_int=\count108
)
(/mnt/6/texlive/2011/texmf-dist/tex/latex/expl3/l3xref.sty
Package: l3xref 2011/04/09 v2223 L3 Experimental cross referencing
\g_xref_all_curr_immediate_fields_prop=\toks35
\g_xref_all_curr_deferred_fields_prop=\toks36
)
(/mnt/6/texlive/2011/texmf-dist/tex/latex/expl3/l3file.sty
Package: l3file 2011/04/21 v2242 The LaTeX3 kernel: file operations
)
(/mnt/6/texlive/2011/texmf-dist/tex/latex/expl3/l3fp.sty
Package: l3fp 2011/03/19 v2201 L3 Experimental floating-point operations
\c_one_million=\count109
\c_one_hundred_million=\count110
\c_five_hundred_million=\count111
\c_one_thousand_million=\count112
\c_fp_pi_by_four_decimal_int=\count113
\c_fp_pi_by_four_extended_int=\count114
\c_fp_pi_decimal_int=\count115
\c_fp_pi_extended_int=\count116
\c_fp_two_pi_decimal_int=\count117
\c_fp_two_pi_extended_int=\count118
\l_fp_count_int=\count119
\l_fp_div_offset_int=\count120
\l_fp_exp_integer_int=\count121
\l_fp_exp_decimal_int=\count122
\l_fp_exp_extended_int=\count123
\l_fp_exp_exponent_int=\count124
\l_fp_input_a_sign_int=\count125
\l_fp_input_a_integer_int=\count126
\l_fp_input_a_decimal_int=\count127
\l_fp_input_a_exponent_int=\count128
\l_fp_input_b_sign_int=\count129
\l_fp_input_b_integer_int=\count130
\l_fp_input_b_decimal_int=\count131
\l_fp_input_b_exponent_int=\count132
\l_fp_input_a_extended_int=\count133
\l_fp_input_b_extended_int=\count134
\l_fp_mul_a_i_int=\count135
\l_fp_mul_a_ii_int=\count136
\l_fp_mul_a_iii_int=\count137
\l_fp_mul_a_iv_int=\count138
\l_fp_mul_a_v_int=\count139
\l_fp_mul_a_vi_int=\count140
\l_fp_mul_b_i_int=\count141
\l_fp_mul_b_ii_int=\count142
\l_fp_mul_b_iii_int=\count143
\l_fp_mul_b_iv_int=\count144
\l_fp_mul_b_v_int=\count145
\l_fp_mul_b_vi_int=\count146
\l_fp_mul_output_int=\count147
\l_fp_output_sign_int=\count148
\l_fp_output_integer_int=\count149
\l_fp_output_decimal_int=\count150
\l_fp_output_exponent_int=\count151
\l_fp_output_extended_int=\count152
\l_fp_round_position_int=\count153
\l_fp_round_target_int=\count154
\l_fp_split_sign_int=\count155
\l_fp_tmp_int=\count156
\l_fp_trig_octant_int=\count157
\l_fp_trig_sign_int=\count158
\l_fp_trig_decimal_int=\count159
\l_fp_trig_extended_int=\count160
\l_fp_tmp_dim=\dimen124
\l_fp_tmp_skip=\skip50
)
(/mnt/6/texlive/2011/texmf-dist/tex/latex/expl3/l3luatex.sty
Package: l3luatex 2010/07/18 v1985 L3 Experimental LuaTeX functions
\g_cctab_allocate_int=\count161
\g_cctab_stack_int=\count162
)
(/mnt/6/texlive/2011/texmf-dist/tex/latex/tools/calc.sty
Package: calc 2007/08/22 v4.3 Infix arithmetic (KKT,FJ)
\calc@Acount=\count163
\calc@Bcount=\count164
\calc@Adimen=\dimen125
\calc@Bdimen=\dimen126
\calc@Askip=\skip51
\calc@Bskip=\skip52
LaTeX Info: Redefining \setlength on input line 76.
LaTeX Info: Redefining \addtolength on input line 77.
\calc@Ccount=\count165
\calc@Cskip=\skip53
))
(/mnt/6/texlive/2011/texmf-dist/tex/latex/xpackages/xbase/xparse.sty
Package: xparse 2011/04/08 v2219 Generic document command parser
\c_xparse_shorthands_prop=\toks37
\l_xparse_m_args_int=\count166
\l_xparse_mandatory_args_int=\count167
\l_xparse_processor_int=\count168
\l_xparse_total_args_int=\count169
)
(/mnt/6/texlive/2011/texmf-dist/tex/generic/kastrup/binhex.tex)
\l_fontspec_script_int=\count170
\l_fontspec_language_int=\count171
\l_fontspec_strnum_int=\count172
Variant \tl_gset:cV already defined; not changing it on line 83

(/mnt/6/texlive/2011/texmf-dist/tex/latex/xkeyval/xkeyval.sty
Package: xkeyval 2008/08/13 v2.6a package option processing (HA)

(/mnt/6/texlive/2011/texmf-dist/tex/generic/xkeyval/xkeyval.tex
\XKV@toks=\toks38
\XKV@tempa@toks=\toks39
\XKV@depth=\count173
File: xkeyval.tex 2008/08/13 v2.6a key=value parser (HA)
))
(/mnt/6/texlive/2011/texmf-dist/tex/latex/fontspec/fontspec-patches.sty
Package: fontspec-patches 2011/02/26 v2.1f Advanced font selection for XeLaTeX/
LuaLaTeX

(/mnt/6/texlive/2011/texmf-dist/tex/latex/base/fixltx2e.sty
Package: fixltx2e 2006/09/13 v1.1m fixes to LaTeX
LaTeX Info: Redefining \em on input line 420.
)
LaTeX Info: Redefining \em on input line 22.
LaTeX Info: Redefining \emph on input line 29.
LaTeX Info: Redefining \- on input line 32.
)
(/mnt/6/texlive/2011/texmf-dist/tex/latex/base/fontenc.sty
Package: fontenc 2005/09/27 v1.99g Standard LaTeX package

(/mnt/6/texlive/2011/texmf-dist/tex/latex/euenc/eu1enc.def
File: eu1enc.def 2010/05/27 v0.1h Experimental Unicode font encodings
)
LaTeX Font Info:    Try loading font information for EU1+lmr on input line 100.


(/mnt/6/texlive/2011/texmf-dist/tex/latex/euenc/eu1lmr.fd
File: eu1lmr.fd 2009/10/30 v1.6 Font defs for Latin Modern
))
(/mnt/6/texlive/2011/texmf-dist/tex/xelatex/xunicode/xunicode.sty
File: xunicode.sty 2010/11/06 v0.96 provides access to latin accents and many o
ther characters in Unicode lower plane
)
 LaTeX info: Defining document command \fontspec
(LaTeX)  with arg. spec. 'O{}m' on line 335.

 LaTeX info: Defining document command \setmainfont
(LaTeX)  with arg. spec. 'O{}m' on line 339.

 LaTeX info: Defining document command \setsansfont
(LaTeX)  with arg. spec. 'O{}m' on line 343.

 LaTeX info: Defining document command \setmonofont
(LaTeX)  with arg. spec. 'O{}m' on line 347.

 LaTeX info: Defining document command \setmathrm
(LaTeX)  with arg. spec. 'O{}m' on line 351.

 LaTeX info: Defining document command \setboldmathrm
(LaTeX)  with arg. spec. 'O{}m' on line 354.

 LaTeX info: Defining document command \setmathsf
(LaTeX)  with arg. spec. 'O{}m' on line 357.

 LaTeX info: Defining document command \setmathtt
(LaTeX)  with arg. spec. 'O{}m' on line 360.

 LaTeX info: Defining document command \newfontfamily
(LaTeX)  with arg. spec. 'mO{}m' on line 377.

 LaTeX info: Defining document command \newfontface
(LaTeX)  with arg. spec. 'mO{}m' on line 380.

 LaTeX info: Defining document command \defaultfontfeatures
(LaTeX)  with arg. spec. 'm' on line 383.

 LaTeX info: Defining document command \addfontfeatures
(LaTeX)  with arg. spec. 'm' on line 400.

 LaTeX info: Defining document command \newfontfeature
(LaTeX)  with arg. spec. 'mm' on line 407.

 LaTeX info: Defining document command \newAATfeature
(LaTeX)  with arg. spec. 'mmmm' on line 416.

 LaTeX info: Defining document command \newICUfeature
(LaTeX)  with arg. spec. 'mmm' on line 425.

 LaTeX info: Defining document command \aliasfontfeature
(LaTeX)  with arg. spec. 'mm' on line 427.

 LaTeX info: Defining document command \aliasfontfeatureoption
(LaTeX)  with arg. spec. 'mmm' on line 430.

 LaTeX info: Defining document command \newfontscript
(LaTeX)  with arg. spec. 'mm' on line 435.

 LaTeX info: Defining document command \newfontlanguage
(LaTeX)  with arg. spec. 'mm' on line 457.

 LaTeX info: Defining document command \DeclareFontsExtensions
(LaTeX)  with arg. spec. 'm' on line 474.

\c@fontspec_tmp_int=\count174
LaTeX Info: Redefining \itshape on input line 2105.
LaTeX Info: Redefining \slshape on input line 2109.
LaTeX Info: Redefining \scshape on input line 2113.
LaTeX Info: Redefining \upshape on input line 2117.

(/mnt/6/texlive/2011/texmf-dist/tex/latex/fontspec/fontspec.cfg))
(/mnt/6/texlive/2011/texmf-dist/tex/latex/xltxtra/xltxtra.sty
Package: xltxtra 2010/09/20 v0.5e Improvements for the "XeLaTeX" format

(/mnt/6/texlive/2011/texmf-dist/tex/generic/oberdiek/ifluatex.sty
Package: ifluatex 2010/03/01 v1.3 Provides the ifluatex switch (HO)
Package ifluatex Info: LuaTeX not detected.
)
(/mnt/6/texlive/2011/texmf-dist/tex/latex/realscripts/realscripts.sty
Package: realscripts 2010/09/30 v0.3 Access OpenType subscripts and superscript
s
 LaTeX info: Defining document command \fakesubscript
(LaTeX)  with arg. spec. 'm' on line 19.

 LaTeX info: Defining document command \fakesuperscript
(LaTeX)  with arg. spec. 'm' on line 22.

 LaTeX info: Redefining document command \textsubscript
(LaTeX)  with arg. spec. 's' on line 25.

 LaTeX info: Redefining document command \textsuperscript
(LaTeX)  with arg. spec. 's' on line 28.

 LaTeX info: Defining document command \realsubscript
(LaTeX)  with arg. spec. 'm' on line 45.

 LaTeX info: Defining document command \realsuperscript
(LaTeX)  with arg. spec. 'm' on line 60.

 LaTeX info: Defining document command \textsubsuperscript
(LaTeX)  with arg. spec. 'sO{l}mm' on line 137.

 LaTeX info: Defining document command \textsupersubscript
(LaTeX)  with arg. spec. 'sO{l}mm' on line 140.

\subsupersep=\dimen127
)
(/mnt/6/texlive/2011/texmf-dist/tex/latex/metalogo/metalogo.sty
Package: metalogo 2010/05/29 v0.12 Extended TeX logo macros
\xl@everylogo=\toks40
\xl@@everylogo=\toks41
LaTeX Info: Redefining \TeX on input line 193.
LaTeX Info: Redefining \LaTeX on input line 202.
LaTeX Info: Redefining \LaTeXe on input line 219.
)
\xxt@tempbox=\box28
)
\g_fontspec_family_Adobe Kaiti Std_int=\count175
 fontspec info: Defining font family 'AdobeKaitiStd(0)' for font 'Adobe Kaiti S
td' with options [].

\g_fontspec_AdobeKaitiStd(0)_prop=\toks42
 fontspec info: Defining shape 'normal' with NFSS spec.:
(fontspec)  <->"Adobe Kaiti Std/ICU:script=latn;language=DFLT;"

 fontspec info: Could not resolve font Adobe Kaiti Std/B (it probably doesn't e
xist).

 fontspec info: Could not resolve font Adobe Kaiti Std/I (it probably doesn't e
xist).

 fontspec info: Could not resolve font Adobe Kaiti Std/BI (it probably doesn't 
exist).

 fontspec info: Font 微软雅黑 does not contain any OpenType `Script' inform
ation.

\g_fontspec_family_微软雅黑_int=\count176
 fontspec info: Defining font family '微软雅黑(0)' for font '微软雅黑' 
with options [].

\g_fontspec_微软雅黑(0)_prop=\toks43
 fontspec info: Defining shape 'normal' with NFSS spec.:
(fontspec)  <->"微软雅黑/ICU:"

 fontspec info: Could not resolve font 微软雅黑/B (it probably doesn't exis
t).

 fontspec info: Could not resolve font 微软雅黑/I (it probably doesn't exis
t).

 fontspec info: Could not resolve font 微软雅黑/BI (it probably doesn't exi
st).

\g_fontspec_family_Adobe Fangsong Std_int=\count177
 fontspec info: Defining font family 'AdobeFangsongStd(0)' for font 'Adobe Fang
song Std' with options [].

\g_fontspec_AdobeFangsongStd(0)_prop=\toks44
 fontspec info: Defining shape 'normal' with NFSS spec.:
(fontspec)  <->"Adobe Fangsong Std/ICU:script=latn;language=DFLT;"

 fontspec info: Could not resolve font Adobe Fangsong Std/B (it probably doesn'
t exist).

 fontspec info: Could not resolve font Adobe Fangsong Std/I (it probably doesn'
t exist).

 fontspec info: Could not resolve font Adobe Fangsong Std/BI (it probably doesn
't exist).

\g_fontspec_family_Adobe Song Std_int=\count178
 fontspec info: Defining font family 'AdobeSongStd(0)' for font 'Adobe Song Std
' with options [].

\g_fontspec_AdobeSongStd(0)_prop=\toks45
 fontspec info: Defining shape 'normal' with NFSS spec.:
(fontspec)  <->"Adobe Song Std/ICU:script=latn;language=DFLT;"

 fontspec info: Could not resolve font Adobe Song Std/B (it probably doesn't ex
ist).

 fontspec info: Could not resolve font Adobe Song Std/I (it probably doesn't ex
ist).

 fontspec info: Could not resolve font Adobe Song Std/BI (it probably doesn't e
xist).

\g_fontspec_family_Adobe Heiti Std_int=\count179
 fontspec info: Defining font family 'AdobeHeitiStd(0)' for font 'Adobe Heiti S
td' with options [].

\g_fontspec_AdobeHeitiStd(0)_prop=\toks46
 fontspec info: Defining shape 'normal' with NFSS spec.:
(fontspec)  <->"Adobe Heiti Std/ICU:script=latn;language=DFLT;"

 fontspec info: Could not resolve font Adobe Heiti Std/B (it probably doesn't e
xist).

 fontspec info: Could not resolve font Adobe Heiti Std/I (it probably doesn't e
xist).

 fontspec info: Could not resolve font Adobe Heiti Std/BI (it probably doesn't 
exist).

 fontspec info: Font Droid Sans Mono does not contain any OpenType `Script' inf
ormation.

\g_fontspec_family_Droid Sans Mono_int=\count180
 fontspec info: Defining font family 'DroidSansMono(0)' for font 'Droid Sans Mo
no' with options [].

\g_fontspec_DroidSansMono(0)_prop=\toks47
 fontspec info: Defining shape 'normal' with NFSS spec.:
(fontspec)  <->"Droid Sans Mono/ICU:"

 fontspec info: Could not resolve font Droid Sans Mono/B (it probably doesn't e
xist).

 fontspec info: Could not resolve font Droid Sans Mono/I (it probably doesn't e
xist).

 fontspec info: Could not resolve font Droid Sans Mono/BI (it probably doesn't 
exist).


(/mnt/6/texlive/2011/texmf-dist/tex/latex/listings/listings.sty
\lst@mode=\count181
\lst@gtempboxa=\box29
\lst@token=\toks48
\lst@length=\count182
\lst@currlwidth=\dimen128
\lst@column=\count183
\lst@pos=\count184
\lst@lostspace=\dimen129
\lst@width=\dimen130
\lst@newlines=\count185
\lst@lineno=\count186
\lst@maxwidth=\dimen131

(/mnt/6/texlive/2011/texmf-dist/tex/latex/listings/lstmisc.sty
File: lstmisc.sty 2007/02/22 1.4 (Carsten Heinz)
\c@lstnumber=\count187
\lst@skipnumbers=\count188
\lst@framebox=\box30
)
(/mnt/6/texlive/2011/texmf-dist/tex/latex/listings/listings.cfg
File: listings.cfg 2007/02/22 1.4 listings configuration
))
Package: listings 2007/02/22 1.4 (Carsten Heinz)

(/mnt/6/texlive/2011/texmf-dist/tex/latex/xcolor/xcolor.sty
Package: xcolor 2007/01/21 v2.11 LaTeX color extensions (UK)

(/mnt/6/texlive/2011/texmf-dist/tex/latex/latexconfig/color.cfg
File: color.cfg 2007/01/18 v1.5 color configuration of teTeX/TeXLive
)
Package xcolor Info: Driver file: xetex.def on input line 225.
Package xcolor Info: Model `cmy' substituted by `cmy0' on input line 1337.
Package xcolor Info: Model `RGB' extended on input line 1353.
Package xcolor Info: Model `HTML' substituted by `rgb' on input line 1355.
Package xcolor Info: Model `Hsb' substituted by `hsb' on input line 1356.
Package xcolor Info: Model `tHsb' substituted by `hsb' on input line 1357.
Package xcolor Info: Model `HSB' substituted by `hsb' on input line 1358.
Package xcolor Info: Model `Gray' substituted by `gray' on input line 1359.
Package xcolor Info: Model `wave' substituted by `hsb' on input line 1360.
)
(/mnt/6/texlive/2011/texmf-dist/tex/latex/listings/lstlang1.sty
File: lstlang1.sty 2004/09/05 1.3 listings language file
)
(/mnt/6/texlive/2011/texmf-dist/tex/latex/listings/lstlang2.sty
File: lstlang2.sty 2004/09/05 1.3 listings language file
) (./puppet.aux

LaTeX Warning: Label `ruby' multiply defined.


LaTeX Warning: Label `ruby' multiply defined.


LaTeX Warning: Label `ruby' multiply defined.


LaTeX Warning: Label `ruby' multiply defined.


LaTeX Warning: Label `ruby' multiply defined.


LaTeX Warning: Label `ruby' multiply defined.


LaTeX Warning: Label `ruby' multiply defined.


LaTeX Warning: Label `ruby' multiply defined.


LaTeX Warning: Label `ruby' multiply defined.


LaTeX Warning: Label `ruby' multiply defined.


LaTeX Warning: Label `ruby' multiply defined.


LaTeX Warning: Label `ruby' multiply defined.


LaTeX Warning: Label `ruby' multiply defined.


LaTeX Warning: Label `ruby' multiply defined.


LaTeX Warning: Label `ruby' multiply defined.


LaTeX Warning: Label `ruby' multiply defined.


LaTeX Warning: Label `ruby' multiply defined.


LaTeX Warning: Label `ruby' multiply defined.


LaTeX Warning: Label `ruby' multiply defined.


LaTeX Warning: Label `ruby' multiply defined.


LaTeX Warning: Label `ruby' multiply defined.


LaTeX Warning: Label `ruby' multiply defined.


LaTeX Warning: Label `ruby' multiply defined.


LaTeX Warning: Label `ruby' multiply defined.


LaTeX Warning: Label `ruby' multiply defined.


LaTeX Warning: Label `ruby' multiply defined.


LaTeX Warning: Label `ruby' multiply defined.


LaTeX Warning: Label `ruby' multiply defined.


LaTeX Warning: Label `ruby' multiply defined.


LaTeX Warning: Label `ruby' multiply defined.


LaTeX Warning: Label `ruby' multiply defined.


LaTeX Warning: Label `ruby' multiply defined.


LaTeX Warning: Label `ruby' multiply defined.


LaTeX Warning: Label `ruby' multiply defined.


LaTeX Warning: Label `ruby' multiply defined.


LaTeX Warning: Label `ruby' multiply defined.


LaTeX Warning: Label `ruby' multiply defined.


LaTeX Warning: Label `ruby' multiply defined.


LaTeX Warning: Label `ruby' multiply defined.


LaTeX Warning: Label `ruby' multiply defined.


LaTeX Warning: Label `ruby' multiply defined.


LaTeX Warning: Label `ruby' multiply defined.


LaTeX Warning: Label `ruby' multiply defined.


LaTeX Warning: Label `ruby' multiply defined.


LaTeX Warning: Label `ruby' multiply defined.


LaTeX Warning: Label `ruby' multiply defined.


LaTeX Warning: Label `ruby' multiply defined.

)
\openout1 = `puppet.aux'.

LaTeX Font Info:    Checking defaults for OML/cmm/m/it on input line 37.
LaTeX Font Info:    ... okay on input line 37.
LaTeX Font Info:    Checking defaults for T1/cmr/m/n on input line 37.
LaTeX Font Info:    ... okay on input line 37.
LaTeX Font Info:    Checking defaults for OT1/cmr/m/n on input line 37.
LaTeX Font Info:    ... okay on input line 37.
LaTeX Font Info:    Checking defaults for OMS/cmsy/m/n on input line 37.
LaTeX Font Info:    ... okay on input line 37.
LaTeX Font Info:    Checking defaults for OMX/cmex/m/n on input line 37.
LaTeX Font Info:    ... okay on input line 37.
LaTeX Font Info:    Checking defaults for U/cmr/m/n on input line 37.
LaTeX Font Info:    ... okay on input line 37.
LaTeX Font Info:    Checking defaults for EU1/lmr/m/n on input line 37.
LaTeX Font Info:    ... okay on input line 37.

*geometry* driver: auto-detecting
*geometry* detected driver: xetex
*geometry* verbose mode - [ preamble ] result:
* driver: xetex
* paper: a4paper
* layout: <same size as paper>
* layoutoffset:(h,v)=(0.0pt,0.0pt)
* modes: 
* h-part:(L,W,R)=(90.3375pt, 416.83289pt, 90.3375pt)
* v-part:(T,H,B)=(72.26999pt, 700.50687pt, 72.26999pt)
* \paperwidth=597.50787pt
* \paperheight=845.04684pt
* \textwidth=416.83289pt
* \textheight=700.50687pt
* \oddsidemargin=18.0675pt
* \evensidemargin=18.0675pt
* \topmargin=-37.0pt
* \headheight=12.0pt
* \headsep=25.0pt
* \topskip=12.0pt
* \footskip=30.0pt
* \marginparwidth=35.0pt
* \marginparsep=10.0pt
* \columnsep=10.0pt
* \skip\footins=10.8pt plus 4.0pt minus 2.0pt
* \hoffset=0.0pt
* \voffset=0.0pt
* \mag=1000
* \@twocolumnfalse
* \@twosidefalse
* \@mparswitchfalse
* \@reversemarginfalse
* (1in=72.27pt=25.4mm, 1cm=28.453pt)

 fontspec info: Adjusting the maths setup (use [no-math] to avoid this).

\symlegacymaths=\mathgroup4
LaTeX Font Info:    Overwriting symbol font `legacymaths' in version `bold'
(Font)                  OT1/cmr/m/n --> OT1/cmr/bx/n on input line 37.
LaTeX Font Info:    Redeclaring math accent \acute on input line 37.
LaTeX Font Info:    Redeclaring math accent \grave on input line 37.
LaTeX Font Info:    Redeclaring math accent \ddot on input line 37.
LaTeX Font Info:    Redeclaring math accent \tilde on input line 37.
LaTeX Font Info:    Redeclaring math accent \bar on input line 37.
LaTeX Font Info:    Redeclaring math accent \breve on input line 37.
LaTeX Font Info:    Redeclaring math accent \check on input line 37.
LaTeX Font Info:    Redeclaring math accent \hat on input line 37.
LaTeX Font Info:    Redeclaring math accent \dot on input line 37.
LaTeX Font Info:    Redeclaring math accent \mathring on input line 37.
LaTeX Font Info:    Redeclaring math symbol \colon on input line 37.
LaTeX Font Info:    Redeclaring math symbol \Gamma on input line 37.
LaTeX Font Info:    Redeclaring math symbol \Delta on input line 37.
LaTeX Font Info:    Redeclaring math symbol \Theta on input line 37.
LaTeX Font Info:    Redeclaring math symbol \Lambda on input line 37.
LaTeX Font Info:    Redeclaring math symbol \Xi on input line 37.
LaTeX Font Info:    Redeclaring math symbol \Pi on input line 37.
LaTeX Font Info:    Redeclaring math symbol \Sigma on input line 37.
LaTeX Font Info:    Redeclaring math symbol \Upsilon on input line 37.
LaTeX Font Info:    Redeclaring math symbol \Phi on input line 37.
LaTeX Font Info:    Redeclaring math symbol \Psi on input line 37.
LaTeX Font Info:    Redeclaring math symbol \Omega on input line 37.
LaTeX Font Info:    Redeclaring math symbol \mathdollar on input line 37.
LaTeX Font Info:    Redeclaring symbol font `operators' on input line 37.
LaTeX Font Info:    Encoding `OT1' has changed to `EU1' for symbol font
(Font)              `operators' in the math version `normal' on input line 37.
LaTeX Font Info:    Overwriting symbol font `operators' in version `normal'
(Font)                  OT1/cmr/m/n --> EU1/lmr/m/n on input line 37.
LaTeX Font Info:    Encoding `OT1' has changed to `EU1' for symbol font
(Font)              `operators' in the math version `bold' on input line 37.
LaTeX Font Info:    Overwriting symbol font `operators' in version `bold'
(Font)                  OT1/cmr/bx/n --> EU1/lmr/m/n on input line 37.
LaTeX Font Info:    Overwriting symbol font `operators' in version `normal'
(Font)                  EU1/lmr/m/n --> EU1/lmr/m/n on input line 37.
LaTeX Font Info:    Overwriting math alphabet `\mathrm' in version `normal'
(Font)                  EU1/lmr/m/n --> EU1/lmr/m/n on input line 37.
LaTeX Font Info:    Overwriting math alphabet `\mathit' in version `normal'
(Font)                  OT1/cmr/m/it --> EU1/lmr/m/it on input line 37.
LaTeX Font Info:    Overwriting math alphabet `\mathbf' in version `normal'
(Font)                  OT1/cmr/bx/n --> EU1/lmr/bx/n on input line 37.
LaTeX Font Info:    Overwriting math alphabet `\mathsf' in version `normal'
(Font)                  OT1/cmss/m/n --> EU1/lmss/m/n on input line 37.
LaTeX Font Info:    Overwriting math alphabet `\mathtt' in version `normal'
(Font)                  OT1/cmtt/m/n --> EU1/lmtt/m/n on input line 37.
LaTeX Font Info:    Overwriting symbol font `operators' in version `bold'
(Font)                  EU1/lmr/m/n --> EU1/lmr/bx/n on input line 37.
LaTeX Font Info:    Overwriting math alphabet `\mathrm' in version `bold'
(Font)                  EU1/lmr/m/n --> EU1/lmr/bx/n on input line 37.
LaTeX Font Info:    Overwriting math alphabet `\mathit' in version `bold'
(Font)                  OT1/cmr/bx/it --> EU1/lmr/bx/it on input line 37.
LaTeX Font Info:    Overwriting math alphabet `\mathsf' in version `bold'
(Font)                  OT1/cmss/bx/n --> EU1/lmss/bx/n on input line 37.
LaTeX Font Info:    Overwriting math alphabet `\mathtt' in version `bold'
(Font)                  OT1/cmtt/m/n --> EU1/lmtt/bx/n on input line 37.
\c@lstlisting=\count189
LaTeX Font Info:    External font `cmex10' loaded for size
(Font)              <14.4> on input line 46.
LaTeX Font Info:    External font `cmex10' loaded for size
(Font)              <7> on input line 46.
[1

]

LaTeX Font Warning: Font shape `EU1/AdobeSongStd(0)/bx/n' undefined
(Font)              using `EU1/AdobeSongStd(0)/m/n' instead on input line 48.

(./puppet.toc

LaTeX Font Warning: Font shape `EU1/微软雅黑(0)/bx/n' undefined
(Font)              using `EU1/微软雅黑(0)/m/n' instead on input line 1.

LaTeX Font Info:    External font `cmex10' loaded for size
(Font)              <12> on input line 2.
LaTeX Font Info:    External font `cmex10' loaded for size
(Font)              <8> on input line 2.
LaTeX Font Info:    External font `cmex10' loaded for size
(Font)              <6> on input line 2.
[1

])
\tf@toc=\write3
\openout3 = `puppet.toc'.

 (./chapter1.tex [2]
Overfull \hbox (0.60387pt too wide) in paragraph at lines 10--12
[]\EU1/AdobeFangsongStd(0)/m/n/12 本 手 册 的 最 新 版 本 可 以 从:h
ttp:// code.google.com/ p/ puppet-manifest-share/
 []

[3]
\msyh 第1章 1.
LaTeX Font Info:    External font `cmex10' loaded for size
(Font)              <10.95> on input line 20.
LaTeX Font Info:    External font `cmex10' loaded for size
(Font)              <5> on input line 20.
File: Puppet_Star.png Graphic file (type QTm)
<use  "Puppet_Star.png" > [4

] [5]) (./chapter2.tex
\msyh 第2章 2.
[6

] [7]
LaTeX Font Info:    Try loading font information for EU1+lmtt on input line 94.

 (/mnt/6/texlive/2011/texmf-dist/tex/latex/euenc/eu1lmtt.fd
File: eu1lmtt.fd 2009/10/30 v1.6 Font defs for Latin Modern
))
(./chapter3.tex [8]
\msyh 第3章 3.
[9

] [10] [11] [12] [13]) (./chapter4.tex [14]
\msyh 第4章 4.
[15

] [16]) (./chapter5.tex [17]
\msyh 第5章 5.
) (./chapter5b.tex [18

]
\msyh 第6章 6.
[19

]) (./chapter6.tex [20]
\msyh 第7章 7.

LaTeX Font Warning: Font shape `EU1/微软雅黑(0)/m/it' undefined
(Font)              using `EU1/微软雅黑(0)/m/n' instead on input line 8.

[21

]) (./end.tex [22] [23])
Underfull \hbox (badness 10000) in paragraph at lines 40--60

 []

[24] (./puppet.aux)

LaTeX Font Warning: Some font shapes were not available, defaults substituted.


LaTeX Warning: There were multiply-defined labels.

 ) 
Here is how much of TeX's memory you used:
 13715 strings out of 494150
 230828 string characters out of 3154405
 379892 words of memory out of 3000000
 16740 multiletter control sequences out of 15000+200000
 8493 words of font info for 65 fonts, out of 3000000 for 9000
 1018 hyphenation exceptions out of 8191
 38i,8n,72p,525b,1594s stack positions out of 5000i,500n,10000p,200000b,50000s

Output written on puppet.pdf (25 pages).
